<?xml version="1.0" encoding="UTF-8"?>
<!-- Generated by org.testng.reporters.JUnitReportReporter -->
<testsuite hostname="DESKTOP-D9EVLA1" failures="0" tests="3" name="shreya.Tests.SubmitOrderTest" time="53.623" errors="0" timestamp="2025-04-11T18:06:14 IST" skipped="0">
  <testcase classname="shreya.Tests.SubmitOrderTest" name="submitOrder" time="17.896"/>
  <testcase classname="shreya.Tests.SubmitOrderTest" name="OrderHistoryTest" time="11.724"/>
  <testcase classname="shreya.Tests.SubmitOrderTest" name="submitOrder" time="24.003"/>
</testsuite> <!-- shreya.Tests.SubmitOrderTest -->
