<?xml version="1.0" encoding="UTF-8"?>
<!-- Generated by org.testng.reporters.JUnitReportReporter -->
<testsuite hostname="DESKTOP-D9EVLA1" failures="0" tests="3" name="shreya.Tests.SubmitOrderTest" time="84.027" errors="0" timestamp="2025-04-13T11:16:13 IST" skipped="0">
  <testcase classname="shreya.Tests.SubmitOrderTest" name="submitOrder" time="38.210"/>
  <testcase classname="shreya.Tests.SubmitOrderTest" name="submitOrder" time="37.119"/>
  <testcase classname="shreya.Tests.SubmitOrderTest" name="OrderHistoryTest" time="8.698"/>
</testsuite> <!-- shreya.Tests.SubmitOrderTest -->
