<?xml version="1.0" encoding="UTF-8"?>
<!-- Generated by org.testng.reporters.JUnitReportReporter -->
<testsuite hostname="DESKTOP-D9EVLA1" failures="0" tests="1" name="cucumber.TestNGTestRunner" time="50.736" errors="0" timestamp="2025-04-17T18:25:15 IST" skipped="0">
  <testcase classname="cucumber.TestNGTestRunner" name="runScenario" time="50.736"/>
</testsuite> <!-- cucumber.TestNGTestRunner -->
